<?xml version="1.0" encoding="UTF-8"?>
<coverage generated="1551060225389" clover="3.2.0">
  <project timestamp="1551060225390" name="All files">
    <metrics statements="33" coveredstatements="33" conditionals="10" coveredconditionals="8" methods="10" coveredmethods="10" elements="53" coveredelements="51" complexity="0" loc="33" ncloc="33" packages="2" files="2" classes="2">
      <package name="src">
        <metrics statements="32" coveredstatements="32" conditionals="10" coveredconditionals="8" methods="10" coveredmethods="10"/>
        <file name="data.js" path="C:\Users\paulina\Documents\Laboratoria\cdmx-2019-01-bc-core-data-lovers\src\data.js">
          <metrics statements="32" coveredstatements="32" conditionals="10" coveredconditionals="8" methods="10" coveredmethods="10"/>
          <line num="2" count="1" type="stmt"/>
          <line num="4" count="1" type="stmt"/>
          <line num="5" count="1" type="stmt"/>
          <line num="6" count="1" type="cond" truecount="1" falsecount="1"/>
          <line num="7" count="1" type="stmt"/>
          <line num="8" count="1" type="stmt"/>
          <line num="13" count="1" type="stmt"/>
          <line num="14" count="1" type="stmt"/>
          <line num="15" count="3" type="cond" truecount="2" falsecount="0"/>
          <line num="16" count="2" type="stmt"/>
          <line num="19" count="1" type="stmt"/>
          <line num="22" count="2" type="stmt"/>
          <line num="23" count="2" type="stmt"/>
          <line num="24" count="12" type="stmt"/>
          <line num="25" count="2" type="cond" truecount="2" falsecount="0"/>
          <line num="26" count="1" type="stmt"/>
          <line num="27" count="15" type="stmt"/>
          <line num="29" count="1" type="cond" truecount="1" falsecount="1"/>
          <line num="30" count="1" type="stmt"/>
          <line num="31" count="9" type="stmt"/>
          <line num="34" count="2" type="stmt"/>
          <line num="37" count="1" type="stmt"/>
          <line num="38" count="4" type="stmt"/>
          <line num="40" count="1" type="stmt"/>
          <line num="41" count="1" type="stmt"/>
          <line num="44" count="1" type="stmt"/>
          <line num="45" count="1" type="stmt"/>
          <line num="46" count="2" type="stmt"/>
          <line num="47" count="2" type="stmt"/>
          <line num="48" count="5" type="cond" truecount="2" falsecount="0"/>
          <line num="49" count="2" type="stmt"/>
          <line num="53" count="1" type="stmt"/>
        </file>
      </package>
      <package name="src.data.worldbank">
        <metrics statements="1" coveredstatements="1" conditionals="0" coveredconditionals="0" methods="0" coveredmethods="0"/>
        <file name="worldbank.js" path="C:\Users\paulina\Documents\Laboratoria\cdmx-2019-01-bc-core-data-lovers\src\data\worldbank\worldbank.js">
          <metrics statements="1" coveredstatements="1" conditionals="0" coveredconditionals="0" methods="0" coveredmethods="0"/>
          <line num="1" count="1" type="stmt"/>
        </file>
      </package>
    </metrics>
  </project>
</coverage>
