{"C:\\Users\\paulina\\Documents\\Laboratoria\\cdmx-2019-01-bc-core-data-lovers\\src\\data.js": {"path":"C:\\Users\\paulina\\Documents\\Laboratoria\\cdmx-2019-01-bc-core-data-lovers\\src\\data.js","statementMap":{"0":{"start":{"line":2,"column":0},"end":{"line":55,"column":1}},"1":{"start":{"line":4,"column":22},"end":{"line":4,"column":24}},"2":{"start":{"line":5,"column":4},"end":{"line":10,"column":5}},"3":{"start":{"line":6,"column":6},"end":{"line":9,"column":7}},"4":{"start":{"line":7,"column":8},"end":{"line":7,"column":65}},"5":{"start":{"line":8,"column":8},"end":{"line":8,"column":26}},"6":{"start":{"line":13,"column":29},"end":{"line":13,"column":31}},"7":{"start":{"line":14,"column":4},"end":{"line":18,"column":7}},"8":{"start":{"line":15,"column":6},"end":{"line":17,"column":7}},"9":{"start":{"line":16,"column":8},"end":{"line":16,"column":41}},"10":{"start":{"line":19,"column":4},"end":{"line":19,"column":30}},"11":{"start":{"line":22,"column":24},"end":{"line":22,"column":26}},"12":{"start":{"line":23,"column":4},"end":{"line":24,"column":39}},"13":{"start":{"line":24,"column":6},"end":{"line":24,"column":39}},"14":{"start":{"line":25,"column":4},"end":{"line":33,"column":5}},"15":{"start":{"line":26,"column":6},"end":{"line":28,"column":8}},"16":{"start":{"line":27,"column":8},"end":{"line":27,"column":26}},"17":{"start":{"line":29,"column":11},"end":{"line":33,"column":5}},"18":{"start":{"line":30,"column":6},"end":{"line":32,"column":8}},"19":{"start":{"line":31,"column":8},"end":{"line":31,"column":27}},"20":{"start":{"line":34,"column":4},"end":{"line":34,"column":24}},"21":{"start":{"line":37,"column":14},"end":{"line":39,"column":6}},"22":{"start":{"line":38,"column":6},"end":{"line":38,"column":18}},"23":{"start":{"line":40,"column":22},"end":{"line":40,"column":42}},"24":{"start":{"line":41,"column":4},"end":{"line":41,"column":28}},"25":{"start":{"line":44,"column":29},"end":{"line":44,"column":31}},"26":{"start":{"line":45,"column":4},"end":{"line":52,"column":5}},"27":{"start":{"line":46,"column":32},"end":{"line":46,"column":65}},"28":{"start":{"line":47,"column":6},"end":{"line":51,"column":8}},"29":{"start":{"line":48,"column":8},"end":{"line":50,"column":9}},"30":{"start":{"line":49,"column":10},"end":{"line":49,"column":43}},"31":{"start":{"line":53,"column":4},"end":{"line":53,"column":30}}},"fnMap":{"0":{"name":"(anonymous_0)","decl":{"start":{"line":3,"column":17},"end":{"line":3,"column":18}},"loc":{"start":{"line":3,"column":36},"end":{"line":11,"column":3}},"line":3},"1":{"name":"(anonymous_1)","decl":{"start":{"line":12,"column":10},"end":{"line":12,"column":11}},"loc":{"start":{"line":12,"column":35},"end":{"line":20,"column":3}},"line":12},"2":{"name":"(anonymous_2)","decl":{"start":{"line":14,"column":17},"end":{"line":14,"column":18}},"loc":{"start":{"line":14,"column":28},"end":{"line":18,"column":5}},"line":14},"3":{"name":"(anonymous_3)","decl":{"start":{"line":21,"column":8},"end":{"line":21,"column":9}},"loc":{"start":{"line":21,"column":29},"end":{"line":35,"column":3}},"line":21},"4":{"name":"(anonymous_4)","decl":{"start":{"line":26,"column":25},"end":{"line":26,"column":26}},"loc":{"start":{"line":26,"column":35},"end":{"line":28,"column":7}},"line":26},"5":{"name":"(anonymous_5)","decl":{"start":{"line":30,"column":25},"end":{"line":30,"column":26}},"loc":{"start":{"line":30,"column":35},"end":{"line":32,"column":7}},"line":30},"6":{"name":"(anonymous_6)","decl":{"start":{"line":36,"column":16},"end":{"line":36,"column":17}},"loc":{"start":{"line":36,"column":35},"end":{"line":42,"column":3}},"line":36},"7":{"name":"(anonymous_7)","decl":{"start":{"line":37,"column":35},"end":{"line":37,"column":36}},"loc":{"start":{"line":37,"column":45},"end":{"line":39,"column":5}},"line":37},"8":{"name":"(anonymous_8)","decl":{"start":{"line":43,"column":27},"end":{"line":43,"column":28}},"loc":{"start":{"line":43,"column":52},"end":{"line":54,"column":3}},"line":43},"9":{"name":"(anonymous_9)","decl":{"start":{"line":47,"column":33},"end":{"line":47,"column":34}},"loc":{"start":{"line":47,"column":44},"end":{"line":51,"column":7}},"line":47}},"branchMap":{"0":{"loc":{"start":{"line":6,"column":6},"end":{"line":9,"column":7}},"type":"if","locations":[{"start":{"line":6,"column":6},"end":{"line":9,"column":7}},{"start":{"line":6,"column":6},"end":{"line":9,"column":7}}],"line":6},"1":{"loc":{"start":{"line":15,"column":6},"end":{"line":17,"column":7}},"type":"if","locations":[{"start":{"line":15,"column":6},"end":{"line":17,"column":7}},{"start":{"line":15,"column":6},"end":{"line":17,"column":7}}],"line":15},"2":{"loc":{"start":{"line":25,"column":4},"end":{"line":33,"column":5}},"type":"if","locations":[{"start":{"line":25,"column":4},"end":{"line":33,"column":5}},{"start":{"line":25,"column":4},"end":{"line":33,"column":5}}],"line":25},"3":{"loc":{"start":{"line":29,"column":11},"end":{"line":33,"column":5}},"type":"if","locations":[{"start":{"line":29,"column":11},"end":{"line":33,"column":5}},{"start":{"line":29,"column":11},"end":{"line":33,"column":5}}],"line":29},"4":{"loc":{"start":{"line":48,"column":8},"end":{"line":50,"column":9}},"type":"if","locations":[{"start":{"line":48,"column":8},"end":{"line":50,"column":9}},{"start":{"line":48,"column":8},"end":{"line":50,"column":9}}],"line":48}},"s":{"0":1,"1":1,"2":1,"3":1,"4":1,"5":1,"6":1,"7":1,"8":3,"9":2,"10":1,"11":2,"12":2,"13":12,"14":2,"15":1,"16":15,"17":1,"18":1,"19":9,"20":2,"21":1,"22":4,"23":1,"24":1,"25":1,"26":1,"27":2,"28":2,"29":5,"30":2,"31":1},"f":{"0":1,"1":1,"2":3,"3":2,"4":15,"5":9,"6":1,"7":4,"8":1,"9":5},"b":{"0":[1,0],"1":[2,1],"2":[1,1],"3":[1,0],"4":[2,3]},"_coverageSchema":"332fd63041d2c1bcb487cc26dd0d5f7d97098a6c","hash":"f7c629a58de5d1f49723e06323f8e6de47833d94"}
,"C:\\Users\\paulina\\Documents\\Laboratoria\\cdmx-2019-01-bc-core-data-lovers\\src\\data\\worldbank\\worldbank.js": {"path":"C:\\Users\\paulina\\Documents\\Laboratoria\\cdmx-2019-01-bc-core-data-lovers\\src\\data\\worldbank\\worldbank.js","statementMap":{"0":{"start":{"line":1,"column":0},"end":{"line":36723,"column":1}}},"fnMap":{},"branchMap":{},"s":{"0":1},"f":{},"b":{},"_coverageSchema":"332fd63041d2c1bcb487cc26dd0d5f7d97098a6c","hash":"094d089085dfd8e1d570f7d5a4afec7b46c9795f"}
}
