TN:
SF:C:\Users\paulina\Documents\Laboratoria\cdmx-2019-01-bc-core-data-lovers\src\data.js
FN:3,(anonymous_0)
FN:12,(anonymous_1)
FN:14,(anonymous_2)
FN:21,(anonymous_3)
FN:26,(anonymous_4)
FN:30,(anonymous_5)
FN:36,(anonymous_6)
FN:37,(anonymous_7)
FN:43,(anonymous_8)
FN:47,(anonymous_9)
FNF:10
FNH:10
FNDA:1,(anonymous_0)
FNDA:1,(anonymous_1)
FNDA:3,(anonymous_2)
FNDA:2,(anonymous_3)
FNDA:15,(anonymous_4)
FNDA:9,(anonymous_5)
FNDA:1,(anonymous_6)
FNDA:4,(anonymous_7)
FNDA:1,(anonymous_8)
FNDA:5,(anonymous_9)
DA:2,1
DA:4,1
DA:5,1
DA:6,1
DA:7,1
DA:8,1
DA:13,1
DA:14,1
DA:15,3
DA:16,2
DA:19,1
DA:22,2
DA:23,2
DA:24,12
DA:25,2
DA:26,1
DA:27,15
DA:29,1
DA:30,1
DA:31,9
DA:34,2
DA:37,1
DA:38,4
DA:40,1
DA:41,1
DA:44,1
DA:45,1
DA:46,2
DA:47,2
DA:48,5
DA:49,2
DA:53,1
LF:32
LH:32
BRDA:6,0,0,1
BRDA:6,0,1,0
BRDA:15,1,0,2
BRDA:15,1,1,1
BRDA:25,2,0,1
BRDA:25,2,1,1
BRDA:29,3,0,1
BRDA:29,3,1,0
BRDA:48,4,0,2
BRDA:48,4,1,3
BRF:10
BRH:8
end_of_record
TN:
SF:C:\Users\paulina\Documents\Laboratoria\cdmx-2019-01-bc-core-data-lovers\src\data\worldbank\worldbank.js
FNF:0
FNH:0
DA:1,1
LF:1
LH:1
BRF:0
BRH:0
end_of_record
